# JRE version: OpenJDK Runtime Environment Temurin-17.0.4.1+1 (17.0.4.1+1) (build 17.0.4.1+1)
# Java VM: OpenJDK 64-Bit Server VM Temurin-17.0.4.1+1 (17.0.4.1+1, mixed mode, emulated-client, tiered, compressed oops, compressed class ptrs, g1 gc, windows-amd64)
GC Precious Log:
 CPUs: 4 total, 4 available
 Memory: 3988M
 Large Page Support: Disabled
 NUMA Support: Disabled
 Compressed Oops: Enabled (32-bit)
 Heap Region Size: 1M
 Heap Min Capacity: 8M
 Heap Initial Capacity: 64M
 Heap Max Capacity: 998M
 Pre-touch: Disabled
 Parallel Workers: 4
 Concurrent Workers: 1
 Concurrent Refinement Workers: 4
 Periodic GC: Disabled
Heap:
 garbage-first heap   total 54272K, used 24975K [0x00000000c1a00000, 0x0000000100000000)
  region size 1024K, 10 young (10240K), 4 survivors (4096K)
 Metaspace       used 40177K, committed 40512K, reserved 1089536K
  class space    used 5280K, committed 5440K, reserved 1048576K
GC Heap History (20 events):
Event: 0.984 GC heap before
{Heap before GC invocations=0 (full 0):
 garbage-first heap   total 65536K, used 14336K [0x00000000c1a00000, 0x0000000100000000)
  region size 1024K, 13 young (13312K), 0 survivors (0K)
 Metaspace       used 11335K, committed 11520K, reserved 1064960K
  class space    used 1137K, committed 1280K, reserved 1048576K
}
Event: 0.994 GC heap after
{Heap after GC invocations=1 (full 0):
 garbage-first heap   total 65536K, used 8052K [0x00000000c1a00000, 0x0000000100000000)
  region size 1024K, 2 young (2048K), 2 survivors (2048K)
 Metaspace       used 11335K, committed 11520K, reserved 1064960K
  class space    used 1137K, committed 1280K, reserved 1048576K
}
Event: 1.364 GC heap before
{Heap before GC invocations=1 (full 0):
 garbage-first heap   total 65536K, used 18292K [0x00000000c1a00000, 0x0000000100000000)
  region size 1024K, 12 young (12288K), 2 survivors (2048K)
 Metaspace       used 15373K, committed 15552K, reserved 1064960K
  class space    used 1630K, committed 1728K, reserved 1048576K
}
Event: 1.372 GC heap after
{Heap after GC invocations=2 (full 0):
 garbage-first heap   total 65536K, used 9926K [0x00000000c1a00000, 0x0000000100000000)
  region size 1024K, 2 young (2048K), 2 survivors (2048K)
 Metaspace       used 15373K, committed 15552K, reserved 1064960K
  class space    used 1630K, committed 1728K, reserved 1048576K
}
Event: 2.085 GC heap before
{Heap before GC invocations=2 (full 0):
 garbage-first heap   total 65536K, used 28358K [0x00000000c1a00000, 0x0000000100000000)
  region size 1024K, 20 young (20480K), 2 survivors (2048K)
 Metaspace       used 19759K, committed 20096K, reserved 1073152K
  class space    used 2285K, committed 2432K, reserved 1048576K
}
Event: 2.093 GC heap after
{Heap after GC invocations=3 (full 0):
 garbage-first heap   total 65536K, used 11362K [0x00000000c1a00000, 0x0000000100000000)
  region size 1024K, 2 young (2048K), 2 survivors (2048K)
 Metaspace       used 19759K, committed 20096K, reserved 1073152K
  class space    used 2285K, committed 2432K, reserved 1048576K
}
Event: 2.193 GC heap before
{Heap before GC invocations=3 (full 0):
 garbage-first heap   total 65536K, used 16482K [0x00000000c1a00000, 0x0000000100000000)
  region size 1024K, 8 young (8192K), 2 survivors (2048K)
 Metaspace       used 21229K, committed 21504K, reserved 1073152K
  class space    used 2462K, committed 2624K, reserved 1048576K
}
Event: 2.196 GC heap after
{Heap after GC invocations=4 (full 0):
 garbage-first heap   total 65536K, used 11588K [0x00000000c1a00000, 0x0000000100000000)
  region size 1024K, 2 young (2048K), 2 survivors (2048K)
 Metaspace       used 21229K, committed 21504K, reserved 1073152K
  class space    used 2462K, committed 2624K, reserved 1048576K
}
Event: 2.656 GC heap before
{Heap before GC invocations=5 (full 0):
 garbage-first heap   total 45056K, used 35140K [0x00000000c1a00000, 0x0000000100000000)
  region size 1024K, 26 young (26624K), 2 survivors (2048K)
 Metaspace       used 25466K, committed 25728K, reserved 1073152K
  class space    used 3164K, committed 3264K, reserved 1048576K
}
Event: 2.663 GC heap after
{Heap after GC invocations=6 (full 0):
 garbage-first heap   total 45056K, used 12918K [0x00000000c1a00000, 0x0000000100000000)
  region size 1024K, 3 young (3072K), 3 survivors (3072K)
 Metaspace       used 25466K, committed 25728K, reserved 1073152K
  class space    used 3164K, committed 3264K, reserved 1048576K
}
Event: 2.893 GC heap before
{Heap before GC invocations=6 (full 0):
 garbage-first heap   total 45056K, used 30326K [0x00000000c1a00000, 0x0000000100000000)
  region size 1024K, 20 young (20480K), 3 survivors (3072K)
 Metaspace       used 28884K, committed 29184K, reserved 1081344K
  class space    used 3505K, committed 3648K, reserved 1048576K
}
Event: 2.901 GC heap after
{Heap after GC invocations=7 (full 0):
 garbage-first heap   total 45056K, used 14106K [0x00000000c1a00000, 0x0000000100000000)
  region size 1024K, 3 young (3072K), 3 survivors (3072K)
 Metaspace       used 28884K, committed 29184K, reserved 1081344K
  class space    used 3505K, committed 3648K, reserved 1048576K
}
Event: 3.216 GC heap before
{Heap before GC invocations=7 (full 0):
 garbage-first heap   total 45056K, used 29466K [0x00000000c1a00000, 0x0000000100000000)
  region size 1024K, 19 young (19456K), 3 survivors (3072K)
 Metaspace       used 30847K, committed 31168K, reserved 1081344K
  class space    used 3806K, committed 3968K, reserved 1048576K
}
Event: 3.222 GC heap after
{Heap after GC invocations=8 (full 0):
 garbage-first heap   total 54272K, used 15120K [0x00000000c1a00000, 0x0000000100000000)
  region size 1024K, 3 young (3072K), 3 survivors (3072K)
 Metaspace       used 30847K, committed 31168K, reserved 1081344K
  class space    used 3806K, committed 3968K, reserved 1048576K
}
Event: 3.842 GC heap before
{Heap before GC invocations=8 (full 0):
 garbage-first heap   total 54272K, used 38672K [0x00000000c1a00000, 0x0000000100000000)
  region size 1024K, 26 young (26624K), 3 survivors (3072K)
 Metaspace       used 33243K, committed 33600K, reserved 1081344K
  class space    used 4191K, committed 4352K, reserved 1048576K
}
Event: 3.849 GC heap after
{Heap after GC invocations=9 (full 0):
 garbage-first heap   total 54272K, used 16326K [0x00000000c1a00000, 0x0000000100000000)
  region size 1024K, 4 young (4096K), 4 survivors (4096K)
 Metaspace       used 33243K, committed 33600K, reserved 1081344K
  class space    used 4191K, committed 4352K, reserved 1048576K
}
Event: 4.450 GC heap before
{Heap before GC invocations=9 (full 0):
 garbage-first heap   total 54272K, used 34758K [0x00000000c1a00000, 0x0000000100000000)
  region size 1024K, 23 young (23552K), 4 survivors (4096K)
 Metaspace       used 35798K, committed 36096K, reserved 1081344K
  class space    used 4643K, committed 4800K, reserved 1048576K
}
Event: 4.460 GC heap after
{Heap after GC invocations=10 (full 0):
 garbage-first heap   total 54272K, used 17554K [0x00000000c1a00000, 0x0000000100000000)
  region size 1024K, 3 young (3072K), 3 survivors (3072K)
 Metaspace       used 35798K, committed 36096K, reserved 1081344K
  class space    used 4643K, committed 4800K, reserved 1048576K
}
Event: 5.336 GC heap before
{Heap before GC invocations=11 (full 0):
 garbage-first heap   total 54272K, used 41106K [0x00000000c1a00000, 0x0000000100000000)
  region size 1024K, 26 young (26624K), 3 survivors (3072K)
 Metaspace       used 38893K, committed 39296K, reserved 1089536K
  class space    used 5163K, committed 5376K, reserved 1048576K
}
Event: 5.351 GC heap after
{Heap after GC invocations=12 (full 0):
 garbage-first heap   total 54272K, used 19855K [0x00000000c1a00000, 0x0000000100000000)
  region size 1024K, 4 young (4096K), 4 survivors (4096K)
 Metaspace       used 38893K, committed 39296K, reserved 1089536K
  class space    used 5163K, committed 5376K, reserved 1048576K
}

